+ mkdir -p /«BREWDIR»/8.0/rootfs
+ debootstrap --variant=minbase --components=main --include=inetutils-ping --force-check-gpg flidas /«BREWDIR»/8.0/rootfs http://mirrors/trisquel ./trisquel.debootstrap
I: Retrieving InRelease 
I: Retrieving Packages 
I: Validating Packages 
I: Resolving dependencies of required packages...
I: Resolving dependencies of base packages...
I: Found additional required dependencies: libdebconfclient0 
I: Found additional base dependencies: gcc-5-base gnupg gpgv libapt-pkg5.0 liblz4-1 libreadline6 libstdc++6 libusb-0.1-4 netbase readline-common trisquel-keyring 
I: Checking component main on http://mirrors/trisquel...
I: Retrieving adduser 3.113+nmu3ubuntu4
I: Validating adduser 3.113+nmu3ubuntu4
I: Retrieving apt 1.2.12~ubuntu16.04.1+8.0trisquel1
I: Validating apt 1.2.12~ubuntu16.04.1+8.0trisquel1
I: Retrieving base-files 1:9.4ubuntu4+8.0trisquel1
I: Validating base-files 1:9.4ubuntu4+8.0trisquel1
I: Retrieving base-passwd 3.5.39
I: Validating base-passwd 3.5.39
I: Retrieving bash 4.3-14ubuntu1+8.0trisquel1
I: Validating bash 4.3-14ubuntu1+8.0trisquel1
I: Retrieving bsdutils 1:2.27.1-6ubuntu3
I: Validating bsdutils 1:2.27.1-6ubuntu3
I: Retrieving coreutils 8.25-2ubuntu2
I: Validating coreutils 8.25-2ubuntu2
I: Retrieving dash 0.5.8-2.1ubuntu2
I: Validating dash 0.5.8-2.1ubuntu2
I: Retrieving debconf 1.5.58ubuntu1
I: Validating debconf 1.5.58ubuntu1
I: Retrieving debianutils 4.7
I: Validating debianutils 4.7
I: Retrieving diffutils 1:3.3-3
I: Validating diffutils 1:3.3-3
I: Retrieving dpkg 1.18.4ubuntu1.1+8.0trisquel1
I: Validating dpkg 1.18.4ubuntu1.1+8.0trisquel1
I: Retrieving e2fslibs 1.42.13-1ubuntu1
I: Validating e2fslibs 1.42.13-1ubuntu1
I: Retrieving e2fsprogs 1.42.13-1ubuntu1
I: Validating e2fsprogs 1.42.13-1ubuntu1
I: Retrieving findutils 4.6.0+git+20160126-2
I: Validating findutils 4.6.0+git+20160126-2
I: Retrieving gcc-5-base 5.3.1-14ubuntu2
I: Validating gcc-5-base 5.3.1-14ubuntu2
I: Retrieving gcc-6-base 6.0.1-0ubuntu1
I: Validating gcc-6-base 6.0.1-0ubuntu1
I: Retrieving gnupg 1.4.20-1ubuntu3
I: Validating gnupg 1.4.20-1ubuntu3
I: Retrieving gpgv 1.4.20-1ubuntu3
I: Validating gpgv 1.4.20-1ubuntu3
I: Retrieving grep 2.24-1
I: Validating grep 2.24-1
I: Retrieving gzip 1.6-4ubuntu1
I: Validating gzip 1.6-4ubuntu1
I: Retrieving hostname 3.16ubuntu2
I: Validating hostname 3.16ubuntu2
I: Retrieving inetutils-ping 2:1.9.4-1build1
I: Validating inetutils-ping 2:1.9.4-1build1
I: Retrieving init 1.29ubuntu1
I: Validating init 1.29ubuntu1
I: Retrieving init-system-helpers 1.29ubuntu1
I: Validating init-system-helpers 1.29ubuntu1
I: Retrieving initscripts 2.88dsf-59.3ubuntu2
I: Validating initscripts 2.88dsf-59.3ubuntu2
I: Retrieving insserv 1.14.0-5ubuntu3
I: Validating insserv 1.14.0-5ubuntu3
I: Retrieving libacl1 2.2.52-3
I: Validating libacl1 2.2.52-3
I: Retrieving libapparmor1 2.10.95-0ubuntu2
I: Validating libapparmor1 2.10.95-0ubuntu2
I: Retrieving libapt-pkg5.0 1.2.12~ubuntu16.04.1+8.0trisquel1
I: Validating libapt-pkg5.0 1.2.12~ubuntu16.04.1+8.0trisquel1
I: Retrieving libattr1 1:2.4.47-2
I: Validating libattr1 1:2.4.47-2
I: Retrieving libaudit-common 1:2.4.5-1ubuntu2
I: Validating libaudit-common 1:2.4.5-1ubuntu2
I: Retrieving libaudit1 1:2.4.5-1ubuntu2
I: Validating libaudit1 1:2.4.5-1ubuntu2
I: Retrieving libblkid1 2.27.1-6ubuntu3
I: Validating libblkid1 2.27.1-6ubuntu3
I: Retrieving libbz2-1.0 1.0.6-8
I: Validating libbz2-1.0 1.0.6-8
I: Retrieving libc-bin 2.23-0ubuntu3
I: Validating libc-bin 2.23-0ubuntu3
I: Retrieving libc6 2.23-0ubuntu3
I: Validating libc6 2.23-0ubuntu3
I: Retrieving libcap2 1:2.24-12
I: Validating libcap2 1:2.24-12
I: Retrieving libcap2-bin 1:2.24-12
I: Validating libcap2-bin 1:2.24-12
I: Retrieving libcomerr2 1.42.13-1ubuntu1
I: Validating libcomerr2 1.42.13-1ubuntu1
I: Retrieving libcryptsetup4 2:1.6.6-5ubuntu2
I: Validating libcryptsetup4 2:1.6.6-5ubuntu2
I: Retrieving libdb5.3 5.3.28-11
I: Validating libdb5.3 5.3.28-11
I: Retrieving libdebconfclient0 0.198ubuntu1+8.0trisquel1
I: Validating libdebconfclient0 0.198ubuntu1+8.0trisquel1
I: Retrieving libdevmapper1.02.1 2:1.02.110-1ubuntu10
I: Validating libdevmapper1.02.1 2:1.02.110-1ubuntu10
I: Retrieving libfdisk1 2.27.1-6ubuntu3
I: Validating libfdisk1 2.27.1-6ubuntu3
I: Retrieving libgcc1 1:6.0.1-0ubuntu1
I: Validating libgcc1 1:6.0.1-0ubuntu1
I: Retrieving libgcrypt20 1.6.5-2
I: Validating libgcrypt20 1.6.5-2
I: Retrieving libgpg-error0 1.21-2ubuntu1
I: Validating libgpg-error0 1.21-2ubuntu1
I: Retrieving libkmod2 22-1ubuntu4
I: Validating libkmod2 22-1ubuntu4
I: Retrieving liblz4-1 0.0~r131-2ubuntu2
I: Validating liblz4-1 0.0~r131-2ubuntu2
I: Retrieving liblzma5 5.1.1alpha+20120614-2ubuntu2
I: Validating liblzma5 5.1.1alpha+20120614-2ubuntu2
I: Retrieving libmount1 2.27.1-6ubuntu3
I: Validating libmount1 2.27.1-6ubuntu3
I: Retrieving libncurses5 6.0+20160213-1ubuntu1
I: Validating libncurses5 6.0+20160213-1ubuntu1
I: Retrieving libncursesw5 6.0+20160213-1ubuntu1
I: Validating libncursesw5 6.0+20160213-1ubuntu1
I: Retrieving libpam-modules 1.1.8-3.2ubuntu2
I: Validating libpam-modules 1.1.8-3.2ubuntu2
I: Retrieving libpam-modules-bin 1.1.8-3.2ubuntu2
I: Validating libpam-modules-bin 1.1.8-3.2ubuntu2
I: Retrieving libpam-runtime 1.1.8-3.2ubuntu2
I: Validating libpam-runtime 1.1.8-3.2ubuntu2
I: Retrieving libpam0g 1.1.8-3.2ubuntu2
I: Validating libpam0g 1.1.8-3.2ubuntu2
I: Retrieving libpcre3 2:8.38-3.1
I: Validating libpcre3 2:8.38-3.1
I: Retrieving libprocps4 2:3.3.10-4ubuntu2
I: Validating libprocps4 2:3.3.10-4ubuntu2
I: Retrieving libreadline6 6.3-8ubuntu2
I: Validating libreadline6 6.3-8ubuntu2
I: Retrieving libseccomp2 2.2.3-3ubuntu3
I: Validating libseccomp2 2.2.3-3ubuntu3
I: Retrieving libselinux1 2.4-3build2
I: Validating libselinux1 2.4-3build2
I: Retrieving libsemanage-common 2.3-1build3
I: Validating libsemanage-common 2.3-1build3
I: Retrieving libsemanage1 2.3-1build3
I: Validating libsemanage1 2.3-1build3
I: Retrieving libsepol1 2.4-2
I: Validating libsepol1 2.4-2
I: Retrieving libsmartcols1 2.27.1-6ubuntu3
I: Validating libsmartcols1 2.27.1-6ubuntu3
I: Retrieving libss2 1.42.13-1ubuntu1
I: Validating libss2 1.42.13-1ubuntu1
I: Retrieving libstdc++6 5.3.1-14ubuntu2
I: Validating libstdc++6 5.3.1-14ubuntu2
I: Retrieving libsystemd0 229-4ubuntu4
I: Validating libsystemd0 229-4ubuntu4
I: Retrieving libtinfo5 6.0+20160213-1ubuntu1
I: Validating libtinfo5 6.0+20160213-1ubuntu1
I: Retrieving libudev1 229-4ubuntu4
I: Validating libudev1 229-4ubuntu4
I: Retrieving libusb-0.1-4 2:0.1.12-28
I: Validating libusb-0.1-4 2:0.1.12-28
I: Retrieving libustr-1.0-1 1.0.4-5
I: Validating libustr-1.0-1 1.0.4-5
I: Retrieving libuuid1 2.27.1-6ubuntu3
I: Validating libuuid1 2.27.1-6ubuntu3
I: Retrieving locales 2.23-0ubuntu3
I: Validating locales 2.23-0ubuntu3
I: Retrieving login 1:4.2-3.1ubuntu5
I: Validating login 1:4.2-3.1ubuntu5
I: Retrieving lsb-base 9.20160110
I: Validating lsb-base 9.20160110
I: Retrieving makedev 2.3.1-93ubuntu1
I: Validating makedev 2.3.1-93ubuntu1
I: Retrieving mawk 1.3.3-17ubuntu2
I: Validating mawk 1.3.3-17ubuntu2
I: Retrieving mount 2.27.1-6ubuntu3
I: Validating mount 2.27.1-6ubuntu3
I: Retrieving multiarch-support 2.23-0ubuntu3
I: Validating multiarch-support 2.23-0ubuntu3
I: Retrieving ncurses-base 6.0+20160213-1ubuntu1
I: Validating ncurses-base 6.0+20160213-1ubuntu1
I: Retrieving ncurses-bin 6.0+20160213-1ubuntu1
I: Validating ncurses-bin 6.0+20160213-1ubuntu1
I: Retrieving netbase 5.3
I: Validating netbase 5.3
I: Retrieving passwd 1:4.2-3.1ubuntu5
I: Validating passwd 1:4.2-3.1ubuntu5
I: Retrieving perl-base 5.22.1-9
I: Validating perl-base 5.22.1-9
I: Retrieving procps 2:3.3.10-4ubuntu2
I: Validating procps 2:3.3.10-4ubuntu2
I: Retrieving readline-common 6.3-8ubuntu2
I: Validating readline-common 6.3-8ubuntu2
I: Retrieving sed 4.2.2-7
I: Validating sed 4.2.2-7
I: Retrieving sensible-utils 0.0.9
I: Validating sensible-utils 0.0.9
I: Retrieving systemd 229-4ubuntu4
I: Validating systemd 229-4ubuntu4
I: Retrieving systemd-sysv 229-4ubuntu4
I: Validating systemd-sysv 229-4ubuntu4
I: Retrieving sysv-rc 2.88dsf-59.3ubuntu2
I: Validating sysv-rc 2.88dsf-59.3ubuntu2
I: Retrieving sysvinit-utils 2.88dsf-59.3ubuntu2
I: Validating sysvinit-utils 2.88dsf-59.3ubuntu2
I: Retrieving tar 1.28-2.1
I: Validating tar 1.28-2.1
I: Retrieving trisquel-keyring 2017.01.07
I: Validating trisquel-keyring 2017.01.07
I: Retrieving tzdata 2016d-0ubuntu0.16.04
I: Validating tzdata 2016d-0ubuntu0.16.04
I: Retrieving util-linux 2.27.1-6ubuntu3
I: Validating util-linux 2.27.1-6ubuntu3
I: Retrieving zlib1g 1:1.2.8.dfsg-2ubuntu4
I: Validating zlib1g 1:1.2.8.dfsg-2ubuntu4
I: Chosen extractor for .deb packages: dpkg-deb
I: Extracting adduser...
I: Extracting base-files...
I: Extracting base-passwd...
I: Extracting bash...
I: Extracting bsdutils...
I: Extracting coreutils...
I: Extracting dash...
I: Extracting debconf...
I: Extracting debianutils...
I: Extracting diffutils...
I: Extracting dpkg...
I: Extracting e2fslibs...
I: Extracting e2fsprogs...
I: Extracting findutils...
I: Extracting gcc-6-base...
I: Extracting grep...
I: Extracting gzip...
I: Extracting hostname...
I: Extracting init...
I: Extracting init-system-helpers...
I: Extracting initscripts...
I: Extracting insserv...
I: Extracting libacl1...
I: Extracting libapparmor1...
I: Extracting libattr1...
I: Extracting libaudit-common...
I: Extracting libaudit1...
I: Extracting libblkid1...
I: Extracting libbz2-1.0...
I: Extracting libc-bin...
I: Extracting libc6...
I: Extracting libcap2...
I: Extracting libcap2-bin...
I: Extracting libcomerr2...
I: Extracting libcryptsetup4...
I: Extracting libdb5.3...
I: Extracting libdebconfclient0...
I: Extracting libdevmapper1.02.1...
I: Extracting libfdisk1...
I: Extracting libgcc1...
I: Extracting libgcrypt20...
I: Extracting libgpg-error0...
I: Extracting libkmod2...
I: Extracting liblzma5...
I: Extracting libmount1...
I: Extracting libncurses5...
I: Extracting libncursesw5...
I: Extracting libpam-modules...
I: Extracting libpam-modules-bin...
I: Extracting libpam-runtime...
I: Extracting libpam0g...
I: Extracting libpcre3...
I: Extracting libprocps4...
I: Extracting libseccomp2...
I: Extracting libselinux1...
I: Extracting libsemanage-common...
I: Extracting libsemanage1...
I: Extracting libsepol1...
I: Extracting libsmartcols1...
I: Extracting libss2...
I: Extracting libsystemd0...
I: Extracting libtinfo5...
I: Extracting libudev1...
I: Extracting libustr-1.0-1...
I: Extracting libuuid1...
I: Extracting locales...
I: Extracting login...
I: Extracting lsb-base...
I: Extracting makedev...
I: Extracting mawk...
I: Extracting mount...
I: Extracting multiarch-support...
I: Extracting ncurses-base...
I: Extracting ncurses-bin...
I: Extracting passwd...
I: Extracting perl-base...
I: Extracting procps...
I: Extracting sed...
I: Extracting sensible-utils...
I: Extracting systemd...
I: Extracting systemd-sysv...
I: Extracting sysv-rc...
I: Extracting sysvinit-utils...
I: Extracting tar...
I: Extracting tzdata...
I: Extracting util-linux...
I: Extracting zlib1g...
I: Installing core packages...
I: Unpacking required packages...
I: Unpacking adduser...
I: Unpacking base-files...
I: Unpacking base-passwd...
I: Unpacking bash...
I: Unpacking bsdutils...
I: Unpacking coreutils...
I: Unpacking dash...
I: Unpacking debconf...
I: Unpacking debianutils...
I: Unpacking diffutils...
I: Unpacking dpkg...
I: Unpacking e2fslibs:amd64...
I: Unpacking e2fsprogs...
I: Unpacking findutils...
I: Unpacking gcc-6-base:amd64...
I: Unpacking grep...
I: Unpacking gzip...
I: Unpacking hostname...
I: Unpacking init...
I: Unpacking init-system-helpers...
I: Unpacking initscripts...
I: Unpacking insserv...
I: Unpacking libacl1:amd64...
I: Unpacking libapparmor1:amd64...
I: Unpacking libattr1:amd64...
I: Unpacking libaudit-common...
I: Unpacking libaudit1:amd64...
I: Unpacking libblkid1:amd64...
I: Unpacking libbz2-1.0:amd64...
I: Unpacking libc-bin...
I: Unpacking libc6:amd64...
I: Unpacking libcap2:amd64...
I: Unpacking libcap2-bin...
I: Unpacking libcomerr2:amd64...
I: Unpacking libcryptsetup4:amd64...
I: Unpacking libdb5.3:amd64...
I: Unpacking libdebconfclient0:amd64...
I: Unpacking libdevmapper1.02.1:amd64...
I: Unpacking libfdisk1:amd64...
I: Unpacking libgcc1:amd64...
I: Unpacking libgcrypt20:amd64...
I: Unpacking libgpg-error0:amd64...
I: Unpacking libkmod2:amd64...
I: Unpacking liblzma5:amd64...
I: Unpacking libmount1:amd64...
I: Unpacking libncurses5:amd64...
I: Unpacking libncursesw5:amd64...
I: Unpacking libpam-modules:amd64...
I: Unpacking libpam-modules-bin...
I: Unpacking libpam-runtime...
I: Unpacking libpam0g:amd64...
I: Unpacking libpcre3:amd64...
I: Unpacking libprocps4:amd64...
I: Unpacking libseccomp2:amd64...
I: Unpacking libselinux1:amd64...
I: Unpacking libsemanage-common...
I: Unpacking libsemanage1:amd64...
I: Unpacking libsepol1:amd64...
I: Unpacking libsmartcols1:amd64...
I: Unpacking libss2:amd64...
I: Unpacking libsystemd0:amd64...
I: Unpacking libtinfo5:amd64...
I: Unpacking libudev1:amd64...
I: Unpacking libustr-1.0-1:amd64...
I: Unpacking libuuid1:amd64...
I: Unpacking locales...
I: Unpacking login...
I: Unpacking lsb-base...
I: Unpacking makedev...
I: Unpacking mawk...
I: Unpacking mount...
I: Unpacking multiarch-support...
I: Unpacking ncurses-base...
I: Unpacking ncurses-bin...
I: Unpacking passwd...
I: Unpacking perl-base...
I: Unpacking procps...
I: Unpacking sed...
I: Unpacking sensible-utils...
I: Unpacking systemd...
I: Unpacking systemd-sysv...
I: Unpacking sysv-rc...
I: Unpacking sysvinit-utils...
I: Unpacking tar...
I: Unpacking tzdata...
I: Unpacking util-linux...
I: Unpacking zlib1g:amd64...
I: Configuring required packages...
I: Configuring gcc-6-base:amd64...
I: Configuring lsb-base...
I: Configuring sensible-utils...
I: Configuring ncurses-base...
I: Configuring libsemanage-common...
I: Configuring libaudit-common...
I: Configuring libc6:amd64...
I: Configuring libbz2-1.0:amd64...
I: Configuring libkmod2:amd64...
I: Configuring libgpg-error0:amd64...
I: Configuring libc-bin...
I: Configuring libseccomp2:amd64...
I: Configuring libapparmor1:amd64...
I: Configuring libdebconfclient0:amd64...
I: Configuring diffutils...
I: Configuring insserv...
I: Configuring libcomerr2:amd64...
I: Configuring libsepol1:amd64...
I: Configuring libgcc1:amd64...
I: Configuring libustr-1.0-1:amd64...
I: Configuring libsmartcols1:amd64...
I: Configuring libaudit1:amd64...
I: Configuring libtinfo5:amd64...
I: Configuring libudev1:amd64...
I: Configuring libss2:amd64...
I: Configuring base-passwd...
I: Configuring e2fslibs:amd64...
I: Configuring debianutils...
I: Configuring libgcrypt20:amd64...
I: Configuring libncursesw5:amd64...
I: Configuring libdb5.3:amd64...
I: Configuring zlib1g:amd64...
I: Configuring hostname...
I: Configuring multiarch-support...
I: Configuring mawk...
I: Configuring libcap2:amd64...
I: Configuring libpcre3:amd64...
I: Configuring base-files...
I: Configuring libselinux1:amd64...
I: Configuring findutils...
I: Configuring ncurses-bin...
I: Configuring libncurses5:amd64...
I: Configuring makedev...
I: Configuring libattr1:amd64...
I: Configuring liblzma5:amd64...
I: Configuring libcap2-bin...
I: Configuring libsystemd0:amd64...
I: Configuring libdevmapper1.02.1:amd64...
I: Configuring libsemanage1:amd64...
I: Configuring libacl1:amd64...
I: Configuring libprocps4:amd64...
I: Configuring bsdutils...
I: Configuring coreutils...
I: Configuring tar...
I: Configuring dpkg...
I: Configuring sed...
I: Configuring perl-base...
I: Configuring grep...
I: Configuring debconf...
I: Configuring tzdata...
I: Configuring gzip...
I: Configuring dash...
I: Configuring init-system-helpers...
I: Configuring sysvinit-utils...
I: Configuring sysv-rc...
I: Configuring libpam0g:amd64...
I: Configuring locales...
I: Configuring libpam-modules-bin...
I: Configuring bash...
I: Configuring libpam-modules:amd64...
I: Configuring libpam-runtime...
I: Configuring passwd...
I: Configuring login...
I: Configuring adduser...
I: Configuring libuuid1:amd64...
I: Configuring libblkid1:amd64...
I: Configuring libmount1:amd64...
I: Configuring libcryptsetup4:amd64...
I: Configuring mount...
I: Configuring libfdisk1:amd64...
I: Configuring initscripts...
I: Configuring util-linux...
I: Configuring e2fsprogs...
I: Configuring procps...
I: Configuring systemd...
I: Configuring systemd-sysv...
I: Configuring init...
I: Configuring libc-bin...
I: Unpacking the base system...
I: Unpacking apt...
I: Unpacking gcc-5-base:amd64...
I: Unpacking gnupg...
I: Unpacking gpgv...
I: Unpacking inetutils-ping...
I: Unpacking libapt-pkg5.0:amd64...
I: Unpacking liblz4-1:amd64...
I: Unpacking libreadline6:amd64...
I: Unpacking libstdc++6:amd64...
I: Unpacking libusb-0.1-4:amd64...
I: Unpacking netbase...
I: Unpacking readline-common...
I: Unpacking trisquel-keyring...
I: Configuring the base system...
I: Configuring readline-common...
I: Configuring liblz4-1:amd64...
I: Configuring gpgv...
I: Configuring libusb-0.1-4:amd64...
I: Configuring libreadline6:amd64...
I: Configuring gcc-5-base:amd64...
I: Configuring netbase...
I: Configuring inetutils-ping...
I: Configuring gnupg...
I: Configuring trisquel-keyring...
I: Configuring libstdc++6:amd64...
I: Configuring libapt-pkg5.0:amd64...
I: Configuring apt...
I: Configuring libc-bin...
I: Base system installed successfully.
+ echo exit 101 > '/«BREWDIR»/8.0/rootfs/usr/sbin/policy-rc.d'
+ rootfs_chroot dpkg-divert --local --rename --add /sbin/initctl
+ PATH=/usr/local/sbin:/usr/local/bin:/usr/sbin:/usr/bin:/sbin:/bin
+ /usr/sbin/chroot /«BREWDIR»/8.0/rootfs dpkg-divert --local --rename --add /sbin/initctl
Adding 'local diversion of /sbin/initctl to /sbin/initctl.distrib'
+ cp -a /«BREWDIR»/8.0/rootfs/usr/sbin/policy-rc.d /«BREWDIR»/8.0/rootfs/sbin/initctl
+ sed -i 's/^exit.*/exit 0/' /«BREWDIR»/8.0/rootfs/sbin/initctl
+ rootfs_chroot apt-get clean
+ PATH=/usr/local/sbin:/usr/local/bin:/usr/sbin:/usr/bin:/sbin:/bin
+ /usr/sbin/chroot /«BREWDIR»/8.0/rootfs apt-get clean
+ echo force-unsafe-io > '/«BREWDIR»/8.0/rootfs/etc/dpkg/dpkg.cfg.d/docker-apt-speedup'
+ cat > '/«BREWDIR»/8.0/rootfs/etc/apt/apt.conf.d/docker-clean'
+ echo Acquire::Languages 'none' > '/«BREWDIR»/8.0/rootfs/etc/apt/apt.conf.d/docker-no-languages'
+ echo Acquire::GzipIndexes 'true' > '/«BREWDIR»/8.0/rootfs/etc/apt/apt.conf.d/docker-gzip-indexes'
+ echo Apt::AutoRemove::SuggestsImportant 'false' > '/«BREWDIR»/8.0/rootfs/etc/apt/apt.conf.d/docker-autoremove-suggests'
+ sed -i '
					p;
					s/ flidas / flidas-updates /; p;
					s/ flidas-updates / flidas-security /
				' /«BREWDIR»/8.0/rootfs/etc/apt/sources.list
+ rootfs_chroot sh -xc 'apt-get update && apt-get dist-upgrade -y'
+ PATH=/usr/local/sbin:/usr/local/bin:/usr/sbin:/usr/bin:/sbin:/bin
+ /usr/sbin/chroot /«BREWDIR»/8.0/rootfs sh -xc 'apt-get update && apt-get dist-upgrade -y'
+ apt-get update
Hit:1 http://mirrors/trisquel flidas InRelease
Get:2 http://mirrors/trisquel flidas-updates InRelease [6124 B]
Get:3 http://mirrors/trisquel flidas-security InRelease [4904 B]
Get:4 http://mirrors/trisquel flidas-updates/main amd64 Packages [2142 kB]
Get:5 http://mirrors/trisquel flidas-security/main amd64 Packages [1079 kB]
Fetched 3232 kB in 2s (1257 kB/s)
Reading package lists...
+ apt-get dist-upgrade -y
Reading package lists...
Building dependency tree...
Calculating upgrade...
The following packages will be upgraded:
  apt base-files bash bsdutils coreutils debconf dpkg e2fslibs e2fsprogs
  gcc-5-base gnupg gpgv grep init init-system-helpers libapparmor1
  libapt-pkg5.0 libaudit-common libaudit1 libblkid1 libbz2-1.0 libc-bin libc6
  libcomerr2 libcryptsetup4 libdb5.3 libfdisk1 libgcrypt20 libkmod2 libmount1
  libpam-modules libpam-modules-bin libpam-runtime libpam0g libprocps4
  libseccomp2 libsmartcols1 libss2 libstdc++6 libsystemd0 libudev1 libuuid1
  locales login lsb-base makedev mount multiarch-support passwd perl-base
  procps sensible-utils systemd systemd-sysv tar trisquel-keyring tzdata
  util-linux zlib1g
59 upgraded, 0 newly installed, 0 to remove and 0 not upgraded.
Need to get 25.5 MB of archives.
After this operation, 172 kB of additional disk space will be used.
Get:1 http://mirrors/trisquel flidas-updates/main amd64 base-files amd64 1:9.4ubuntu4.2+8.0trisquel1 [91.0 kB]
Get:2 http://mirrors/trisquel flidas-updates/main amd64 bash amd64 4.3-14ubuntu1.4+8.0trisquel1 [1049 kB]
Get:3 http://mirrors/trisquel flidas-updates/main amd64 bsdutils amd64 1:2.27.1-6ubuntu3.10 [50.6 kB]
Get:4 http://mirrors/trisquel flidas-updates/main amd64 coreutils amd64 8.25-2ubuntu3~16.04 [1174 kB]
Get:5 http://mirrors/trisquel flidas-updates/main amd64 dpkg amd64 1.18.4ubuntu1.6+8.0trisquel1 [2083 kB]
Get:6 http://mirrors/trisquel flidas-updates/main amd64 libc6 amd64 2.23-0ubuntu11 [2577 kB]
Get:7 http://mirrors/trisquel flidas-updates/main amd64 e2fslibs amd64 1.42.13-1ubuntu1.2 [188 kB]
Get:8 http://mirrors/trisquel flidas-updates/main amd64 e2fsprogs amd64 1.42.13-1ubuntu1.2 [770 kB]
Get:9 http://mirrors/trisquel flidas-updates/main amd64 grep amd64 2.25-1~16.04.1 [153 kB]
Get:10 http://mirrors/trisquel flidas-updates/main amd64 perl-base amd64 5.22.1-9ubuntu0.6 [1283 kB]
Get:11 http://mirrors/trisquel flidas-updates/main amd64 init-system-helpers all 1.29ubuntu4 [32.3 kB]
Get:12 http://mirrors/trisquel flidas-updates/main amd64 init amd64 1.29ubuntu4 [4624 B]
Get:13 http://mirrors/trisquel flidas-updates/main amd64 login amd64 1:4.2-3.1ubuntu5.4 [304 kB]
Get:14 http://mirrors/trisquel flidas-updates/main amd64 libsystemd0 amd64 229-4ubuntu21.27 [205 kB]
Get:15 http://mirrors/trisquel flidas-updates/main amd64 systemd amd64 229-4ubuntu21.27 [3799 kB]
Get:16 http://mirrors/trisquel flidas-updates/main amd64 libapparmor1 amd64 2.10.95-0ubuntu2.11 [29.5 kB]
Get:17 http://mirrors/trisquel flidas-updates/main amd64 libaudit-common all 1:2.4.5-1ubuntu2.1 [3924 B]
Get:18 http://mirrors/trisquel flidas-updates/main amd64 libaudit1 amd64 1:2.4.5-1ubuntu2.1 [36.2 kB]
Get:19 http://mirrors/trisquel flidas-updates/main amd64 debconf all 1.5.58ubuntu2 [136 kB]
Get:20 http://mirrors/trisquel flidas-updates/main amd64 libpam0g amd64 1.1.8-3.2ubuntu2.1 [55.6 kB]
Get:21 http://mirrors/trisquel flidas-updates/main amd64 libpam-modules-bin amd64 1.1.8-3.2ubuntu2.1 [36.9 kB]
Get:22 http://mirrors/trisquel flidas-updates/main amd64 libpam-modules amd64 1.1.8-3.2ubuntu2.1 [244 kB]
Get:23 http://mirrors/trisquel flidas-updates/main amd64 passwd amd64 1:4.2-3.1ubuntu5.4 [780 kB]
Get:24 http://mirrors/trisquel flidas-updates/main amd64 libuuid1 amd64 2.27.1-6ubuntu3.10 [14.5 kB]
Get:25 http://mirrors/trisquel flidas-updates/main amd64 libblkid1 amd64 2.27.1-6ubuntu3.10 [107 kB]
Get:26 http://mirrors/trisquel flidas-updates/main amd64 libgcrypt20 amd64 1.6.5-2ubuntu0.6 [336 kB]
Get:27 http://mirrors/trisquel flidas-updates/main amd64 libcryptsetup4 amd64 2:1.6.6-5ubuntu2.1 [73.3 kB]
Get:28 http://mirrors/trisquel flidas-updates/main amd64 libkmod2 amd64 22-1ubuntu5.2 [39.9 kB]
Get:29 http://mirrors/trisquel flidas-updates/main amd64 libmount1 amd64 2.27.1-6ubuntu3.10 [114 kB]
Get:30 http://mirrors/trisquel flidas-updates/main amd64 libseccomp2 amd64 2.4.1-0ubuntu0.16.04.2 [38.5 kB]
Get:31 http://mirrors/trisquel flidas-updates/main amd64 lsb-base all 9.20160110ubuntu0.2 [13.7 kB]
Get:32 http://mirrors/trisquel flidas-updates/main amd64 util-linux amd64 2.27.1-6ubuntu3.10 [849 kB]
Get:33 http://mirrors/trisquel flidas-updates/main amd64 mount amd64 2.27.1-6ubuntu3.10 [121 kB]
Get:34 http://mirrors/trisquel flidas-updates/main amd64 tar amd64 1.28-2.1ubuntu0.1 [209 kB]
Get:35 http://mirrors/trisquel flidas-updates/main amd64 locales all 2.23-0ubuntu11 [3196 kB]
Get:36 http://mirrors/trisquel flidas-updates/main amd64 libc-bin amd64 2.23-0ubuntu11 [631 kB]
Get:37 http://mirrors/trisquel flidas-updates/main amd64 libbz2-1.0 amd64 1.0.6-8ubuntu0.2 [30.7 kB]
Get:38 http://mirrors/trisquel flidas-updates/main amd64 gcc-5-base amd64 5.4.0-6ubuntu1~16.04.12 [17.4 kB]
Get:39 http://mirrors/trisquel flidas-updates/main amd64 libstdc++6 amd64 5.4.0-6ubuntu1~16.04.12 [393 kB]
Get:40 http://mirrors/trisquel flidas-updates/main amd64 zlib1g amd64 1:1.2.8.dfsg-2ubuntu4.3 [51.2 kB]
Get:41 http://mirrors/trisquel flidas-updates/main amd64 libapt-pkg5.0 amd64 1.2.32+8.0trisquel2 [712 kB]
Get:42 http://mirrors/trisquel flidas-updates/main amd64 gpgv amd64 1.4.20-1ubuntu3.3 [165 kB]
Get:43 http://mirrors/trisquel flidas-updates/main amd64 gnupg amd64 1.4.20-1ubuntu3.3 [626 kB]
Get:44 http://mirrors/trisquel flidas-updates/main amd64 trisquel-keyring all 2018.02.19 [7332 B]
Get:45 http://mirrors/trisquel flidas-updates/main amd64 apt amd64 1.2.32+8.0trisquel2 [1086 kB]
Get:46 http://mirrors/trisquel flidas-updates/main amd64 systemd-sysv amd64 229-4ubuntu21.27 [12.0 kB]
Get:47 http://mirrors/trisquel flidas-updates/main amd64 libcomerr2 amd64 1.42.13-1ubuntu1.2 [65.8 kB]
Get:48 http://mirrors/trisquel flidas-updates/main amd64 libdb5.3 amd64 5.3.28-11ubuntu0.2 [670 kB]
Get:49 http://mirrors/trisquel flidas-updates/main amd64 libfdisk1 amd64 2.27.1-6ubuntu3.10 [138 kB]
Get:50 http://mirrors/trisquel flidas-updates/main amd64 libpam-runtime all 1.1.8-3.2ubuntu2.1 [37.9 kB]
Get:51 http://mirrors/trisquel flidas-updates/main amd64 libsmartcols1 amd64 2.27.1-6ubuntu3.10 [62.1 kB]
Get:52 http://mirrors/trisquel flidas-updates/main amd64 libss2 amd64 1.42.13-1ubuntu1.2 [70.2 kB]
Get:53 http://mirrors/trisquel flidas-updates/main amd64 libudev1 amd64 229-4ubuntu21.27 [54.5 kB]
Get:54 http://mirrors/trisquel flidas-updates/main amd64 multiarch-support amd64 2.23-0ubuntu11 [6822 B]
Get:55 http://mirrors/trisquel flidas-updates/main amd64 sensible-utils all 0.0.9ubuntu0.16.04.1 [10.0 kB]
Get:56 http://mirrors/trisquel flidas-updates/main amd64 libprocps4 amd64 2:3.3.10-4ubuntu2.4 [33.1 kB]
Get:57 http://mirrors/trisquel flidas-updates/main amd64 makedev all 2.3.1-93ubuntu2~ubuntu16.04.1 [24.4 kB]
Get:58 http://mirrors/trisquel flidas-updates/main amd64 procps amd64 2:3.3.10-4ubuntu2.4 [222 kB]
Get:59 http://mirrors/trisquel flidas-updates/main amd64 tzdata all 2019c-0ubuntu0.16.04 [168 kB]
perl: warning: Setting locale failed.
perl: warning: Please check that your locale settings:
	LANGUAGE = (unset),
	LC_ALL = (unset),
	LANG = "en_US.UTF-8"
    are supported and installed on your system.
perl: warning: Falling back to the standard locale ("C").
debconf: delaying package configuration, since apt-utils is not installed
Fetched 25.5 MB in 14s (1724 kB/s)
E: Can not write log (Is /dev/pts mounted?) - posix_openpt (19: No such device)
(Reading database ... 7320 files and directories currently installed.)
Preparing to unpack .../base-files_1%3a9.4ubuntu4.2+8.0trisquel1_amd64.deb ...
Unpacking base-files (1:9.4ubuntu4.2+8.0trisquel1) over (1:9.4ubuntu4+8.0trisquel1) ...
Setting up base-files (1:9.4ubuntu4.2+8.0trisquel1) ...
(Reading database ... 7320 files and directories currently installed.)
Preparing to unpack .../bash_4.3-14ubuntu1.4+8.0trisquel1_amd64.deb ...
Unpacking bash (4.3-14ubuntu1.4+8.0trisquel1) over (4.3-14ubuntu1+8.0trisquel1) ...
Setting up bash (4.3-14ubuntu1.4+8.0trisquel1) ...
Installing new version of config file /etc/skel/.profile ...
update-alternatives: using /usr/share/man/man7/bash-builtins.7.gz to provide /usr/share/man/man7/builtins.7.gz (builtins.7.gz) in auto mode
(Reading database ... 7319 files and directories currently installed.)
Preparing to unpack .../bsdutils_1%3a2.27.1-6ubuntu3.10_amd64.deb ...
Unpacking bsdutils (1:2.27.1-6ubuntu3.10) over (1:2.27.1-6ubuntu3) ...
Setting up bsdutils (1:2.27.1-6ubuntu3.10) ...
(Reading database ... 7319 files and directories currently installed.)
Preparing to unpack .../coreutils_8.25-2ubuntu3~16.04_amd64.deb ...
Unpacking coreutils (8.25-2ubuntu3~16.04) over (8.25-2ubuntu2) ...
Setting up coreutils (8.25-2ubuntu3~16.04) ...
(Reading database ... 7319 files and directories currently installed.)
Preparing to unpack .../dpkg_1.18.4ubuntu1.6+8.0trisquel1_amd64.deb ...
Unpacking dpkg (1.18.4ubuntu1.6+8.0trisquel1) over (1.18.4ubuntu1.1+8.0trisquel1) ...
Setting up dpkg (1.18.4ubuntu1.6+8.0trisquel1) ...
(Reading database ... 7318 files and directories currently installed.)
Preparing to unpack .../libc6_2.23-0ubuntu11_amd64.deb ...
debconf: unable to initialize frontend: Dialog
debconf: (Dialog frontend will not work on a dumb terminal, an emacs shell buffer, or without a controlling terminal.)
debconf: falling back to frontend: Readline
debconf: unable to initialize frontend: Readline
debconf: (Can't locate Term/ReadLine.pm in @INC (you may need to install the Term::ReadLine module) (@INC contains: /etc/perl /usr/local/lib/x86_64-linux-gnu/perl/5.22.1 /usr/local/share/perl/5.22.1 /usr/lib/x86_64-linux-gnu/perl5/5.22 /usr/share/perl5 /usr/lib/x86_64-linux-gnu/perl/5.22 /usr/share/perl/5.22 /usr/local/lib/site_perl /usr/lib/x86_64-linux-gnu/perl-base .) at /usr/share/perl5/Debconf/FrontEnd/Readline.pm line 7.)
debconf: falling back to frontend: Teletype
Unpacking libc6:amd64 (2.23-0ubuntu11) over (2.23-0ubuntu3) ...
Setting up libc6:amd64 (2.23-0ubuntu11) ...
debconf: unable to initialize frontend: Dialog
debconf: (Dialog frontend will not work on a dumb terminal, an emacs shell buffer, or without a controlling terminal.)
debconf: falling back to frontend: Readline
debconf: unable to initialize frontend: Readline
debconf: (Can't locate Term/ReadLine.pm in @INC (you may need to install the Term::ReadLine module) (@INC contains: /etc/perl /usr/local/lib/x86_64-linux-gnu/perl/5.22.1 /usr/local/share/perl/5.22.1 /usr/lib/x86_64-linux-gnu/perl5/5.22 /usr/share/perl5 /usr/lib/x86_64-linux-gnu/perl/5.22 /usr/share/perl/5.22 /usr/local/lib/site_perl /usr/lib/x86_64-linux-gnu/perl-base .) at /usr/share/perl5/Debconf/FrontEnd/Readline.pm line 7.)
debconf: falling back to frontend: Teletype
Processing triggers for libc-bin (2.23-0ubuntu3) ...
(Reading database ... 7318 files and directories currently installed.)
Preparing to unpack .../e2fslibs_1.42.13-1ubuntu1.2_amd64.deb ...
Unpacking e2fslibs:amd64 (1.42.13-1ubuntu1.2) over (1.42.13-1ubuntu1) ...
Processing triggers for libc-bin (2.23-0ubuntu3) ...
Setting up e2fslibs:amd64 (1.42.13-1ubuntu1.2) ...
Processing triggers for libc-bin (2.23-0ubuntu3) ...
(Reading database ... 7318 files and directories currently installed.)
Preparing to unpack .../e2fsprogs_1.42.13-1ubuntu1.2_amd64.deb ...
Unpacking e2fsprogs (1.42.13-1ubuntu1.2) over (1.42.13-1ubuntu1) ...
Setting up e2fsprogs (1.42.13-1ubuntu1.2) ...
(Reading database ... 7318 files and directories currently installed.)
Preparing to unpack .../grep_2.25-1~16.04.1_amd64.deb ...
Unpacking grep (2.25-1~16.04.1) over (2.24-1) ...
Setting up grep (2.25-1~16.04.1) ...
(Reading database ... 7318 files and directories currently installed.)
Preparing to unpack .../perl-base_5.22.1-9ubuntu0.6_amd64.deb ...
Unpacking perl-base (5.22.1-9ubuntu0.6) over (5.22.1-9) ...
Setting up perl-base (5.22.1-9ubuntu0.6) ...
(Reading database ... 7318 files and directories currently installed.)
Preparing to unpack .../init-system-helpers_1.29ubuntu4_all.deb ...
Unpacking init-system-helpers (1.29ubuntu4) over (1.29ubuntu1) ...
Setting up init-system-helpers (1.29ubuntu4) ...
(Reading database ... 7318 files and directories currently installed.)
Preparing to unpack .../init_1.29ubuntu4_amd64.deb ...
Unpacking init (1.29ubuntu4) over (1.29ubuntu1) ...
Setting up init (1.29ubuntu4) ...
(Reading database ... 7318 files and directories currently installed.)
Preparing to unpack .../login_1%3a4.2-3.1ubuntu5.4_amd64.deb ...
Unpacking login (1:4.2-3.1ubuntu5.4) over (1:4.2-3.1ubuntu5) ...
Setting up login (1:4.2-3.1ubuntu5.4) ...
(Reading database ... 7318 files and directories currently installed.)
Preparing to unpack .../libsystemd0_229-4ubuntu21.27_amd64.deb ...
Unpacking libsystemd0:amd64 (229-4ubuntu21.27) over (229-4ubuntu4) ...
Processing triggers for libc-bin (2.23-0ubuntu3) ...
Setting up libsystemd0:amd64 (229-4ubuntu21.27) ...
Processing triggers for libc-bin (2.23-0ubuntu3) ...
(Reading database ... 7318 files and directories currently installed.)
Preparing to unpack .../systemd_229-4ubuntu21.27_amd64.deb ...
Unpacking systemd (229-4ubuntu21.27) over (229-4ubuntu4) ...
Setting up systemd (229-4ubuntu21.27) ...
Installing new version of config file /etc/systemd/system.conf ...
addgroup: The group `systemd-journal' already exists as a system group. Exiting.
Operation failed: No such file or directory
[/usr/lib/tmpfiles.d/tmp.conf:15] Failed to replace specifiers: /tmp/systemd-private-%b-*
[/usr/lib/tmpfiles.d/tmp.conf:16] Failed to replace specifiers: /tmp/systemd-private-%b-*/tmp
[/usr/lib/tmpfiles.d/tmp.conf:17] Failed to replace specifiers: /var/tmp/systemd-private-%b-*
[/usr/lib/tmpfiles.d/tmp.conf:18] Failed to replace specifiers: /var/tmp/systemd-private-%b-*/tmp
(Reading database ... 7311 files and directories currently installed.)
Preparing to unpack .../libapparmor1_2.10.95-0ubuntu2.11_amd64.deb ...
Unpacking libapparmor1:amd64 (2.10.95-0ubuntu2.11) over (2.10.95-0ubuntu2) ...
Processing triggers for libc-bin (2.23-0ubuntu3) ...
Setting up libapparmor1:amd64 (2.10.95-0ubuntu2.11) ...
Processing triggers for libc-bin (2.23-0ubuntu3) ...
(Reading database ... 7311 files and directories currently installed.)
Preparing to unpack .../libaudit-common_1%3a2.4.5-1ubuntu2.1_all.deb ...
Unpacking libaudit-common (1:2.4.5-1ubuntu2.1) over (1:2.4.5-1ubuntu2) ...
Setting up libaudit-common (1:2.4.5-1ubuntu2.1) ...
(Reading database ... 7311 files and directories currently installed.)
Preparing to unpack .../libaudit1_1%3a2.4.5-1ubuntu2.1_amd64.deb ...
Unpacking libaudit1:amd64 (1:2.4.5-1ubuntu2.1) over (1:2.4.5-1ubuntu2) ...
Processing triggers for libc-bin (2.23-0ubuntu3) ...
Setting up libaudit1:amd64 (1:2.4.5-1ubuntu2.1) ...
Processing triggers for libc-bin (2.23-0ubuntu3) ...
(Reading database ... 7311 files and directories currently installed.)
Preparing to unpack .../debconf_1.5.58ubuntu2_all.deb ...
Unpacking debconf (1.5.58ubuntu2) over (1.5.58ubuntu1) ...
Setting up debconf (1.5.58ubuntu2) ...
debconf: unable to initialize frontend: Dialog
debconf: (Dialog frontend will not work on a dumb terminal, an emacs shell buffer, or without a controlling terminal.)
debconf: falling back to frontend: Readline
debconf: unable to initialize frontend: Readline
debconf: (Can't locate Term/ReadLine.pm in @INC (you may need to install the Term::ReadLine module) (@INC contains: /etc/perl /usr/local/lib/x86_64-linux-gnu/perl/5.22.1 /usr/local/share/perl/5.22.1 /usr/lib/x86_64-linux-gnu/perl5/5.22 /usr/share/perl5 /usr/lib/x86_64-linux-gnu/perl/5.22 /usr/share/perl/5.22 /usr/local/lib/site_perl /usr/lib/x86_64-linux-gnu/perl-base .) at /usr/share/perl5/Debconf/FrontEnd/Readline.pm line 7.)
debconf: falling back to frontend: Teletype
(Reading database ... 7311 files and directories currently installed.)
Preparing to unpack .../libpam0g_1.1.8-3.2ubuntu2.1_amd64.deb ...
Unpacking libpam0g:amd64 (1.1.8-3.2ubuntu2.1) over (1.1.8-3.2ubuntu2) ...
Processing triggers for libc-bin (2.23-0ubuntu3) ...
Setting up libpam0g:amd64 (1.1.8-3.2ubuntu2.1) ...
debconf: unable to initialize frontend: Dialog
debconf: (Dialog frontend will not work on a dumb terminal, an emacs shell buffer, or without a controlling terminal.)
debconf: falling back to frontend: Readline
debconf: unable to initialize frontend: Readline
debconf: (Can't locate Term/ReadLine.pm in @INC (you may need to install the Term::ReadLine module) (@INC contains: /etc/perl /usr/local/lib/x86_64-linux-gnu/perl/5.22.1 /usr/local/share/perl/5.22.1 /usr/lib/x86_64-linux-gnu/perl5/5.22 /usr/share/perl5 /usr/lib/x86_64-linux-gnu/perl/5.22 /usr/share/perl/5.22 /usr/local/lib/site_perl /usr/lib/x86_64-linux-gnu/perl-base .) at /usr/share/perl5/Debconf/FrontEnd/Readline.pm line 7.)
debconf: falling back to frontend: Teletype
Processing triggers for libc-bin (2.23-0ubuntu3) ...
(Reading database ... 7311 files and directories currently installed.)
Preparing to unpack .../libpam-modules-bin_1.1.8-3.2ubuntu2.1_amd64.deb ...
Unpacking libpam-modules-bin (1.1.8-3.2ubuntu2.1) over (1.1.8-3.2ubuntu2) ...
Setting up libpam-modules-bin (1.1.8-3.2ubuntu2.1) ...
(Reading database ... 7311 files and directories currently installed.)
Preparing to unpack .../libpam-modules_1.1.8-3.2ubuntu2.1_amd64.deb ...
debconf: unable to initialize frontend: Dialog
debconf: (Dialog frontend will not work on a dumb terminal, an emacs shell buffer, or without a controlling terminal.)
debconf: falling back to frontend: Readline
debconf: unable to initialize frontend: Readline
debconf: (Can't locate Term/ReadLine.pm in @INC (you may need to install the Term::ReadLine module) (@INC contains: /etc/perl /usr/local/lib/x86_64-linux-gnu/perl/5.22.1 /usr/local/share/perl/5.22.1 /usr/lib/x86_64-linux-gnu/perl5/5.22 /usr/share/perl5 /usr/lib/x86_64-linux-gnu/perl/5.22 /usr/share/perl/5.22 /usr/local/lib/site_perl /usr/lib/x86_64-linux-gnu/perl-base .) at /usr/share/perl5/Debconf/FrontEnd/Readline.pm line 7.)
debconf: falling back to frontend: Teletype
Unpacking libpam-modules:amd64 (1.1.8-3.2ubuntu2.1) over (1.1.8-3.2ubuntu2) ...
Setting up libpam-modules:amd64 (1.1.8-3.2ubuntu2.1) ...
(Reading database ... 7311 files and directories currently installed.)
Preparing to unpack .../passwd_1%3a4.2-3.1ubuntu5.4_amd64.deb ...
Unpacking passwd (1:4.2-3.1ubuntu5.4) over (1:4.2-3.1ubuntu5) ...
Setting up passwd (1:4.2-3.1ubuntu5.4) ...
(Reading database ... 7311 files and directories currently installed.)
Preparing to unpack .../libuuid1_2.27.1-6ubuntu3.10_amd64.deb ...
Unpacking libuuid1:amd64 (2.27.1-6ubuntu3.10) over (2.27.1-6ubuntu3) ...
Processing triggers for libc-bin (2.23-0ubuntu3) ...
Setting up libuuid1:amd64 (2.27.1-6ubuntu3.10) ...
Processing triggers for libc-bin (2.23-0ubuntu3) ...
(Reading database ... 7311 files and directories currently installed.)
Preparing to unpack .../libblkid1_2.27.1-6ubuntu3.10_amd64.deb ...
Unpacking libblkid1:amd64 (2.27.1-6ubuntu3.10) over (2.27.1-6ubuntu3) ...
Processing triggers for libc-bin (2.23-0ubuntu3) ...
Setting up libblkid1:amd64 (2.27.1-6ubuntu3.10) ...
Processing triggers for libc-bin (2.23-0ubuntu3) ...
(Reading database ... 7311 files and directories currently installed.)
Preparing to unpack .../libgcrypt20_1.6.5-2ubuntu0.6_amd64.deb ...
Unpacking libgcrypt20:amd64 (1.6.5-2ubuntu0.6) over (1.6.5-2) ...
Processing triggers for libc-bin (2.23-0ubuntu3) ...
Setting up libgcrypt20:amd64 (1.6.5-2ubuntu0.6) ...
Processing triggers for libc-bin (2.23-0ubuntu3) ...
(Reading database ... 7311 files and directories currently installed.)
Preparing to unpack .../libcryptsetup4_2%3a1.6.6-5ubuntu2.1_amd64.deb ...
Unpacking libcryptsetup4:amd64 (2:1.6.6-5ubuntu2.1) over (2:1.6.6-5ubuntu2) ...
Processing triggers for libc-bin (2.23-0ubuntu3) ...
Setting up libcryptsetup4:amd64 (2:1.6.6-5ubuntu2.1) ...
Processing triggers for libc-bin (2.23-0ubuntu3) ...
(Reading database ... 7311 files and directories currently installed.)
Preparing to unpack .../libkmod2_22-1ubuntu5.2_amd64.deb ...
Unpacking libkmod2:amd64 (22-1ubuntu5.2) over (22-1ubuntu4) ...
Processing triggers for libc-bin (2.23-0ubuntu3) ...
Setting up libkmod2:amd64 (22-1ubuntu5.2) ...
Processing triggers for libc-bin (2.23-0ubuntu3) ...
(Reading database ... 7311 files and directories currently installed.)
Preparing to unpack .../libmount1_2.27.1-6ubuntu3.10_amd64.deb ...
Unpacking libmount1:amd64 (2.27.1-6ubuntu3.10) over (2.27.1-6ubuntu3) ...
Processing triggers for libc-bin (2.23-0ubuntu3) ...
Setting up libmount1:amd64 (2.27.1-6ubuntu3.10) ...
Processing triggers for libc-bin (2.23-0ubuntu3) ...
(Reading database ... 7311 files and directories currently installed.)
Preparing to unpack .../libseccomp2_2.4.1-0ubuntu0.16.04.2_amd64.deb ...
Unpacking libseccomp2:amd64 (2.4.1-0ubuntu0.16.04.2) over (2.2.3-3ubuntu3) ...
Processing triggers for libc-bin (2.23-0ubuntu3) ...
Setting up libseccomp2:amd64 (2.4.1-0ubuntu0.16.04.2) ...
Processing triggers for libc-bin (2.23-0ubuntu3) ...
(Reading database ... 7311 files and directories currently installed.)
Preparing to unpack .../lsb-base_9.20160110ubuntu0.2_all.deb ...
Unpacking lsb-base (9.20160110ubuntu0.2) over (9.20160110) ...
Setting up lsb-base (9.20160110ubuntu0.2) ...
(Reading database ... 7311 files and directories currently installed.)
Preparing to unpack .../util-linux_2.27.1-6ubuntu3.10_amd64.deb ...
Unpacking util-linux (2.27.1-6ubuntu3.10) over (2.27.1-6ubuntu3) ...
Setting up util-linux (2.27.1-6ubuntu3.10) ...
Installing new version of config file /etc/cron.weekly/fstrim ...
Processing triggers for systemd (229-4ubuntu21.27) ...
(Reading database ... 7311 files and directories currently installed.)
Preparing to unpack .../mount_2.27.1-6ubuntu3.10_amd64.deb ...
Unpacking mount (2.27.1-6ubuntu3.10) over (2.27.1-6ubuntu3) ...
Setting up mount (2.27.1-6ubuntu3.10) ...
(Reading database ... 7311 files and directories currently installed.)
Preparing to unpack .../tar_1.28-2.1ubuntu0.1_amd64.deb ...
Unpacking tar (1.28-2.1ubuntu0.1) over (1.28-2.1) ...
Setting up tar (1.28-2.1ubuntu0.1) ...
(Reading database ... 7311 files and directories currently installed.)
Preparing to unpack .../locales_2.23-0ubuntu11_all.deb ...
Unpacking locales (2.23-0ubuntu11) over (2.23-0ubuntu3) ...
Preparing to unpack .../libc-bin_2.23-0ubuntu11_amd64.deb ...
Unpacking libc-bin (2.23-0ubuntu11) over (2.23-0ubuntu3) ...
Setting up libc-bin (2.23-0ubuntu11) ...
(Reading database ... 7311 files and directories currently installed.)
Preparing to unpack .../libbz2-1.0_1.0.6-8ubuntu0.2_amd64.deb ...
Unpacking libbz2-1.0:amd64 (1.0.6-8ubuntu0.2) over (1.0.6-8) ...
Processing triggers for libc-bin (2.23-0ubuntu11) ...
Setting up libbz2-1.0:amd64 (1.0.6-8ubuntu0.2) ...
Processing triggers for libc-bin (2.23-0ubuntu11) ...
(Reading database ... 7311 files and directories currently installed.)
Preparing to unpack .../gcc-5-base_5.4.0-6ubuntu1~16.04.12_amd64.deb ...
Unpacking gcc-5-base:amd64 (5.4.0-6ubuntu1~16.04.12) over (5.3.1-14ubuntu2) ...
Setting up gcc-5-base:amd64 (5.4.0-6ubuntu1~16.04.12) ...
(Reading database ... 7311 files and directories currently installed.)
Preparing to unpack .../libstdc++6_5.4.0-6ubuntu1~16.04.12_amd64.deb ...
Unpacking libstdc++6:amd64 (5.4.0-6ubuntu1~16.04.12) over (5.3.1-14ubuntu2) ...
Processing triggers for libc-bin (2.23-0ubuntu11) ...
Setting up libstdc++6:amd64 (5.4.0-6ubuntu1~16.04.12) ...
Processing triggers for libc-bin (2.23-0ubuntu11) ...
(Reading database ... 7311 files and directories currently installed.)
Preparing to unpack .../zlib1g_1%3a1.2.8.dfsg-2ubuntu4.3_amd64.deb ...
Unpacking zlib1g:amd64 (1:1.2.8.dfsg-2ubuntu4.3) over (1:1.2.8.dfsg-2ubuntu4) ...
Processing triggers for libc-bin (2.23-0ubuntu11) ...
Setting up zlib1g:amd64 (1:1.2.8.dfsg-2ubuntu4.3) ...
Processing triggers for libc-bin (2.23-0ubuntu11) ...
(Reading database ... 7311 files and directories currently installed.)
Preparing to unpack .../libapt-pkg5.0_1.2.32+8.0trisquel2_amd64.deb ...
Unpacking libapt-pkg5.0:amd64 (1.2.32+8.0trisquel2) over (1.2.12~ubuntu16.04.1+8.0trisquel1) ...
Processing triggers for libc-bin (2.23-0ubuntu11) ...
Setting up libapt-pkg5.0:amd64 (1.2.32+8.0trisquel2) ...
Processing triggers for libc-bin (2.23-0ubuntu11) ...
(Reading database ... 7311 files and directories currently installed.)
Preparing to unpack .../gpgv_1.4.20-1ubuntu3.3_amd64.deb ...
Unpacking gpgv (1.4.20-1ubuntu3.3) over (1.4.20-1ubuntu3) ...
Setting up gpgv (1.4.20-1ubuntu3.3) ...
(Reading database ... 7311 files and directories currently installed.)
Preparing to unpack .../gnupg_1.4.20-1ubuntu3.3_amd64.deb ...
Unpacking gnupg (1.4.20-1ubuntu3.3) over (1.4.20-1ubuntu3) ...
Setting up gnupg (1.4.20-1ubuntu3.3) ...
(Reading database ... 7311 files and directories currently installed.)
Preparing to unpack .../trisquel-keyring_2018.02.19_all.deb ...
Unpacking trisquel-keyring (2018.02.19) over (2017.01.07) ...
Setting up trisquel-keyring (2018.02.19) ...
OK
gpg: key 8D8AEBF1: "Trisquel GNU/Linux (Trisquel GNU/Linux signing key) <trisquel-devel@trisquel.info>" not changed
gpg: key 0C05112F: "Trisquel GNU/Linux <trisquel-devel@trisquel.info>" not changed
gpg: Total number processed: 2
gpg:              unchanged: 2
Warning: removed keys keyring  /usr/share/keyrings/ubuntu-archive-removed-keys.gpg missing or not readable
(Reading database ... 7311 files and directories currently installed.)
Preparing to unpack .../apt_1.2.32+8.0trisquel2_amd64.deb ...
Unpacking apt (1.2.32+8.0trisquel2) over (1.2.12~ubuntu16.04.1+8.0trisquel1) ...
Processing triggers for libc-bin (2.23-0ubuntu11) ...
Setting up apt (1.2.32+8.0trisquel2) ...
Installing new version of config file /etc/apt/apt.conf.d/01autoremove ...
Installing new version of config file /etc/cron.daily/apt-compat ...
Installing new version of config file /etc/kernel/postinst.d/apt-auto-removal ...
Processing triggers for libc-bin (2.23-0ubuntu11) ...
(Reading database ... 7323 files and directories currently installed.)
Preparing to unpack .../systemd-sysv_229-4ubuntu21.27_amd64.deb ...
Unpacking systemd-sysv (229-4ubuntu21.27) over (229-4ubuntu4) ...
Setting up systemd-sysv (229-4ubuntu21.27) ...
(Reading database ... 7323 files and directories currently installed.)
Preparing to unpack .../libcomerr2_1.42.13-1ubuntu1.2_amd64.deb ...
Unpacking libcomerr2:amd64 (1.42.13-1ubuntu1.2) over (1.42.13-1ubuntu1) ...
Processing triggers for libc-bin (2.23-0ubuntu11) ...
Setting up libcomerr2:amd64 (1.42.13-1ubuntu1.2) ...
Processing triggers for libc-bin (2.23-0ubuntu11) ...
(Reading database ... 7323 files and directories currently installed.)
Preparing to unpack .../libdb5.3_5.3.28-11ubuntu0.2_amd64.deb ...
Unpacking libdb5.3:amd64 (5.3.28-11ubuntu0.2) over (5.3.28-11) ...
Processing triggers for libc-bin (2.23-0ubuntu11) ...
Setting up libdb5.3:amd64 (5.3.28-11ubuntu0.2) ...
Processing triggers for libc-bin (2.23-0ubuntu11) ...
(Reading database ... 7323 files and directories currently installed.)
Preparing to unpack .../libfdisk1_2.27.1-6ubuntu3.10_amd64.deb ...
Unpacking libfdisk1:amd64 (2.27.1-6ubuntu3.10) over (2.27.1-6ubuntu3) ...
Processing triggers for libc-bin (2.23-0ubuntu11) ...
Setting up libfdisk1:amd64 (2.27.1-6ubuntu3.10) ...
Processing triggers for libc-bin (2.23-0ubuntu11) ...
(Reading database ... 7323 files and directories currently installed.)
Preparing to unpack .../libpam-runtime_1.1.8-3.2ubuntu2.1_all.deb ...
Unpacking libpam-runtime (1.1.8-3.2ubuntu2.1) over (1.1.8-3.2ubuntu2) ...
Setting up libpam-runtime (1.1.8-3.2ubuntu2.1) ...
debconf: unable to initialize frontend: Dialog
debconf: (Dialog frontend will not work on a dumb terminal, an emacs shell buffer, or without a controlling terminal.)
debconf: falling back to frontend: Readline
debconf: unable to initialize frontend: Readline
debconf: (Can't locate Term/ReadLine.pm in @INC (you may need to install the Term::ReadLine module) (@INC contains: /etc/perl /usr/local/lib/x86_64-linux-gnu/perl/5.22.1 /usr/local/share/perl/5.22.1 /usr/lib/x86_64-linux-gnu/perl5/5.22 /usr/share/perl5 /usr/lib/x86_64-linux-gnu/perl/5.22 /usr/share/perl/5.22 /usr/local/lib/site_perl /usr/lib/x86_64-linux-gnu/perl-base .) at /usr/share/perl5/Debconf/FrontEnd/Readline.pm line 7.)
debconf: falling back to frontend: Teletype
(Reading database ... 7323 files and directories currently installed.)
Preparing to unpack .../libsmartcols1_2.27.1-6ubuntu3.10_amd64.deb ...
Unpacking libsmartcols1:amd64 (2.27.1-6ubuntu3.10) over (2.27.1-6ubuntu3) ...
Processing triggers for libc-bin (2.23-0ubuntu11) ...
Setting up libsmartcols1:amd64 (2.27.1-6ubuntu3.10) ...
Processing triggers for libc-bin (2.23-0ubuntu11) ...
(Reading database ... 7323 files and directories currently installed.)
Preparing to unpack .../libss2_1.42.13-1ubuntu1.2_amd64.deb ...
Unpacking libss2:amd64 (1.42.13-1ubuntu1.2) over (1.42.13-1ubuntu1) ...
Processing triggers for libc-bin (2.23-0ubuntu11) ...
Setting up libss2:amd64 (1.42.13-1ubuntu1.2) ...
Processing triggers for libc-bin (2.23-0ubuntu11) ...
(Reading database ... 7323 files and directories currently installed.)
Preparing to unpack .../libudev1_229-4ubuntu21.27_amd64.deb ...
Unpacking libudev1:amd64 (229-4ubuntu21.27) over (229-4ubuntu4) ...
Processing triggers for libc-bin (2.23-0ubuntu11) ...
Setting up libudev1:amd64 (229-4ubuntu21.27) ...
Processing triggers for libc-bin (2.23-0ubuntu11) ...
(Reading database ... 7323 files and directories currently installed.)
Preparing to unpack .../multiarch-support_2.23-0ubuntu11_amd64.deb ...
Unpacking multiarch-support (2.23-0ubuntu11) over (2.23-0ubuntu3) ...
Setting up multiarch-support (2.23-0ubuntu11) ...
(Reading database ... 7323 files and directories currently installed.)
Preparing to unpack .../sensible-utils_0.0.9ubuntu0.16.04.1_all.deb ...
Unpacking sensible-utils (0.0.9ubuntu0.16.04.1) over (0.0.9) ...
Setting up sensible-utils (0.0.9ubuntu0.16.04.1) ...
(Reading database ... 7323 files and directories currently installed.)
Preparing to unpack .../libprocps4_2%3a3.3.10-4ubuntu2.4_amd64.deb ...
Unpacking libprocps4:amd64 (2:3.3.10-4ubuntu2.4) over (2:3.3.10-4ubuntu2) ...
Preparing to unpack .../makedev_2.3.1-93ubuntu2~ubuntu16.04.1_all.deb ...
Unpacking makedev (2.3.1-93ubuntu2~ubuntu16.04.1) over (2.3.1-93ubuntu1) ...
Preparing to unpack .../procps_2%3a3.3.10-4ubuntu2.4_amd64.deb ...
invoke-rc.d: could not determine current runlevel
invoke-rc.d: policy-rc.d denied execution of stop.
Unpacking procps (2:3.3.10-4ubuntu2.4) over (2:3.3.10-4ubuntu2) ...
Preparing to unpack .../tzdata_2019c-0ubuntu0.16.04_all.deb ...
Unpacking tzdata (2019c-0ubuntu0.16.04) over (2016d-0ubuntu0.16.04) ...
Processing triggers for libc-bin (2.23-0ubuntu11) ...
Processing triggers for systemd (229-4ubuntu21.27) ...
Setting up locales (2.23-0ubuntu11) ...
debconf: unable to initialize frontend: Dialog
debconf: (Dialog frontend will not work on a dumb terminal, an emacs shell buffer, or without a controlling terminal.)
debconf: falling back to frontend: Readline
debconf: unable to initialize frontend: Readline
debconf: (Can't locate Term/ReadLine.pm in @INC (you may need to install the Term::ReadLine module) (@INC contains: /etc/perl /usr/local/lib/x86_64-linux-gnu/perl/5.22.1 /usr/local/share/perl/5.22.1 /usr/lib/x86_64-linux-gnu/perl5/5.22 /usr/share/perl5 /usr/lib/x86_64-linux-gnu/perl/5.22 /usr/share/perl/5.22 /usr/local/lib/site_perl /usr/lib/x86_64-linux-gnu/perl-base .) at /usr/share/perl5/Debconf/FrontEnd/Readline.pm line 7.)
debconf: falling back to frontend: Teletype
Generating locales (this might take a while)...
Generation complete.
Setting up libprocps4:amd64 (2:3.3.10-4ubuntu2.4) ...
Setting up makedev (2.3.1-93ubuntu2~ubuntu16.04.1) ...
grep: /proc/1/environ: No such file or directory
/sbin/MAKEDEV: warning: can't read /proc/devices
/sbin/MAKEDEV: warning: can't read /proc/devices
/sbin/MAKEDEV: warning: can't read /proc/devices
Setting up procps (2:3.3.10-4ubuntu2.4) ...
update-rc.d: warning: start and stop actions are no longer supported; falling back to defaults
Setting up tzdata (2019c-0ubuntu0.16.04) ...
debconf: unable to initialize frontend: Dialog
debconf: (Dialog frontend will not work on a dumb terminal, an emacs shell buffer, or without a controlling terminal.)
debconf: falling back to frontend: Readline
debconf: unable to initialize frontend: Readline
debconf: (Can't locate Term/ReadLine.pm in @INC (you may need to install the Term::ReadLine module) (@INC contains: /etc/perl /usr/local/lib/x86_64-linux-gnu/perl/5.22.1 /usr/local/share/perl/5.22.1 /usr/lib/x86_64-linux-gnu/perl5/5.22 /usr/share/perl5 /usr/lib/x86_64-linux-gnu/perl/5.22 /usr/share/perl/5.22 /usr/local/lib/site_perl /usr/lib/x86_64-linux-gnu/perl-base .) at /usr/share/perl5/Debconf/FrontEnd/Readline.pm line 7.)
debconf: falling back to frontend: Teletype

Current default time zone: 'Etc/UTC'
Local time is now:      Wed Mar 25 07:08:56 UTC 2020.
Universal Time is now:  Wed Mar 25 07:08:56 UTC 2020.
Run 'dpkg-reconfigure tzdata' if you wish to change it.

Processing triggers for libc-bin (2.23-0ubuntu11) ...
+ rm -rf /«BREWDIR»/8.0/rootfs/var/lib/apt/lists/lock /«BREWDIR»/8.0/rootfs/var/lib/apt/lists/mirrors_trisquel_dists_flidas_InRelease /«BREWDIR»/8.0/rootfs/var/lib/apt/lists/mirrors_trisquel_dists_flidas_main_binary-amd64_Packages /«BREWDIR»/8.0/rootfs/var/lib/apt/lists/mirrors_trisquel_dists_flidas-security_InRelease /«BREWDIR»/8.0/rootfs/var/lib/apt/lists/mirrors_trisquel_dists_flidas-security_main_binary-amd64_Packages.lz4 /«BREWDIR»/8.0/rootfs/var/lib/apt/lists/mirrors_trisquel_dists_flidas-updates_InRelease /«BREWDIR»/8.0/rootfs/var/lib/apt/lists/mirrors_trisquel_dists_flidas-updates_main_binary-amd64_Packages.lz4 /«BREWDIR»/8.0/rootfs/var/lib/apt/lists/partial
+ mkdir /«BREWDIR»/8.0/rootfs/var/lib/apt/lists/partial
++ cat /«BREWDIR»/8.0/rootfs/etc/apt/sources.list
+ sourceList='deb http://mirrors/trisquel flidas main
deb http://mirrors/trisquel flidas-updates main
deb http://mirrors/trisquel flidas-security main'
+ echo 'deb http://archive.trisquel.info/trisquel flidas main
deb http://archive.trisquel.info/trisquel flidas-updates main
deb http://archive.trisquel.info/trisquel flidas-security main'
+ tar --numeric-owner --create --auto-compress --file /«BREWDIR»/8.0/rootfs.tar.xz --directory /«BREWDIR»/8.0/rootfs '--transform=s,^./,,' .
+ cat > '/«BREWDIR»/8.0/Dockerfile'
+ echo 'CMD ["/bin/bash"]'
+ rm -rf --one-file-system /«BREWDIR»/8.0/rootfs
